<?xml version="1.0" encoding="UTF-8"?>
<testng-results ignored="0" total="1" passed="1" failed="0" skipped="0">
  <reporter-output>
  </reporter-output>
  <suite started-at="2024-05-21T14:57:02 IST" name="Default suite" finished-at="2024-05-21T14:57:21 IST" duration-ms="19460">
    <groups>
    </groups>
    <test started-at="2024-05-21T14:57:02 IST" name="Default test" finished-at="2024-05-21T14:57:21 IST" duration-ms="19460">
      <class name="sm.crm.test.LoginFunctioality">
        <test-method is-config="true" signature="init()[pri:0, instance:sm.crm.test.LoginFunctioality@3228d990]" started-at="2024-05-21T14:57:00 IST" name="init" finished-at="2024-05-21T14:57:02 IST" duration-ms="1418" status="PASS">
          <reporter-output>
          </reporter-output>
        </test-method> <!-- init -->
        <test-method is-config="true" signature="bTest(java.lang.reflect.Method)[pri:0, instance:sm.crm.test.LoginFunctioality@3228d990]" started-at="2024-05-21T14:57:02 IST" name="bTest" finished-at="2024-05-21T14:57:07 IST" duration-ms="5336" status="PASS">
          <params>
            <param index="0">
              <value>
                <![CDATA[public void sm.crm.test.LoginFunctioality.tc_001()]]>
              </value>
            </param>
          </params>
          <reporter-output>
          </reporter-output>
        </test-method> <!-- bTest -->
        <test-method signature="tc_001()[pri:0, instance:sm.crm.test.LoginFunctioality@3228d990]" started-at="2024-05-21T14:57:07 IST" name="tc_001" finished-at="2024-05-21T14:57:21 IST" duration-ms="13941" status="PASS">
          <reporter-output>
          </reporter-output>
        </test-method> <!-- tc_001 -->
        <test-method is-config="true" signature="aTest(org.testng.ITestResult)[pri:0, instance:sm.crm.test.LoginFunctioality@3228d990]" started-at="2024-05-21T14:57:21 IST" name="aTest" finished-at="2024-05-21T14:57:21 IST" duration-ms="6" status="PASS">
          <params>
            <param index="0">
              <value>
                <![CDATA[[TestResult name=tc_001 status=SUCCESS method=LoginFunctioality.tc_001()[pri:0, instance:sm.crm.test.LoginFunctioality@3228d990] output={null}]]]>
              </value>
            </param>
          </params>
          <reporter-output>
          </reporter-output>
        </test-method> <!-- aTest -->
        <test-method is-config="true" signature="destory()[pri:0, instance:sm.crm.test.LoginFunctioality@3228d990]" started-at="2024-05-21T14:57:22 IST" name="destory" finished-at="2024-05-21T14:57:26 IST" duration-ms="4247" status="PASS">
          <reporter-output>
          </reporter-output>
        </test-method> <!-- destory -->
      </class> <!-- sm.crm.test.LoginFunctioality -->
    </test> <!-- Default test -->
  </suite> <!-- Default suite -->
</testng-results>
